<?xml version="1.0" encoding="UTF-8"?>
<!-- Generated by org.testng.reporters.JUnitReportReporter -->
<testsuite name="org.testing.testCases.TC5_Delete_Request" tests="1" time="0.027" ignored="0" failures="0" timestamp="17 Dec 2022 15:52:42 GMT" skipped="0" hostname="LAPTOP-ALVRLO6C" errors="0">
  <testcase name="testcase5" time="0.027" classname="org.testing.testCases.TC5_Delete_Request"/>
</testsuite> <!-- org.testing.testCases.TC5_Delete_Request -->
