<?xml version="1.0" encoding="UTF-8"?>
<!-- Generated by org.testng.reporters.JUnitReportReporter -->
<testsuite name="org.testing.testCases.TC2_GetAllRequest" tests="1" time="0.075" ignored="0" failures="0" timestamp="17 Dec 2022 15:52:42 GMT" skipped="0" hostname="LAPTOP-ALVRLO6C" errors="0">
  <testcase name="testcase2" time="0.075" classname="org.testing.testCases.TC2_GetAllRequest"/>
</testsuite> <!-- org.testing.testCases.TC2_GetAllRequest -->
