<?xml version="1.0" encoding="UTF-8"?>
<!-- Generated by org.testng.reporters.JUnitReportReporter -->
<testsuite name="org.testing.testCases.TC3_GetParticularRecord" tests="1" time="0.019" ignored="0" failures="0" timestamp="17 Dec 2022 15:52:42 GMT" skipped="0" hostname="LAPTOP-ALVRLO6C" errors="0">
  <testcase name="testcase3" time="0.019" classname="org.testing.testCases.TC3_GetParticularRecord"/>
</testsuite> <!-- org.testing.testCases.TC3_GetParticularRecord -->
