<?xml version="1.0" encoding="UTF-8"?>
<!-- Generated by org.testng.reporters.JUnitReportReporter -->
<testsuite name="org.testing.testCases.TC4_Put_Request" tests="1" time="0.055" ignored="0" failures="0" timestamp="17 Dec 2022 15:52:42 GMT" skipped="0" hostname="LAPTOP-ALVRLO6C" errors="0">
  <testcase name="testCase4" time="0.055" classname="org.testing.testCases.TC4_Put_Request"/>
</testsuite> <!-- org.testing.testCases.TC4_Put_Request -->
